This is pdfTeX, Version 3.141592653-2.6-1.40.24 (TeX Live 2022) (preloaded format=pdflatex 2022.9.23)  8 SEP 2025 19:44
entering extended mode
 restricted \write18 enabled.
 file:line:error style messages enabled.
 %&-line parsing enabled.
**e:/GitHub/Study/tex/楽曲を作るときの理論について/script.tex
(e:/GitHub/Study/tex/楽曲を作るときの理論について/script.tex
LaTeX2e <2022-06-01> patch level 5
L3 programming layer <2022-08-30> (c:/texlive/2022/texmf-dist/tex/latex/plautopatch/plautopatch.sty
Package: plautopatch 2021/12/07 v0.9q Automated patches for pLaTeX/upLaTeX
Package plautopatch Info: This package is meant for pLaTeX/upLaTeX,
(plautopatch)             you will not need it. on input line 16.
) (c:/texlive/2022/texmf-dist/tex/platex/jsclasses/jsbook.cls

c:/texlive/2022/texmf-dist/tex/platex/jsclasses/jsbook.cls:14: LaTeX Error: This file needs format `pLaTeX2e'
               but this is `LaTeX2e'.

See the LaTeX manual or LaTeX Companion for explanation.
Type  H <return>  for immediate help.
 ...                                              
                                                  
l.14 \NeedsTeXFormat{pLaTeX2e}
                              
The current input file will not be processed further,
because it was written for some other flavor of TeX.
You're in trouble here.  Try typing  <return>  to proceed.
If that doesn't work, type  X <return>  to quit.

) (c:/texlive/2022/texmf-dist/tex/latex/amsmath/amsmath.sty
Package: amsmath 2022/04/08 v2.17n AMS math features
\@mathmargin=\skip47

For additional information on amsmath, use the `?' option.
(c:/texlive/2022/texmf-dist/tex/latex/amsmath/amstext.sty
Package: amstext 2021/08/26 v2.01 AMS text
 (c:/texlive/2022/texmf-dist/tex/latex/amsmath/amsgen.sty
File: amsgen.sty 1999/11/30 v2.0 generic functions
\@emptytoks=\toks16
\ex@=\dimen138
)) (c:/texlive/2022/texmf-dist/tex/latex/amsmath/amsbsy.sty
Package: amsbsy 1999/11/29 v1.2d Bold Symbols
\pmbraise@=\dimen139
) (c:/texlive/2022/texmf-dist/tex/latex/amsmath/amsopn.sty
Package: amsopn 2022/04/08 v2.04 operator names
)
\inf@bad=\count185
LaTeX Info: Redefining \frac on input line 234.
\uproot@=\count186
\leftroot@=\count187
LaTeX Info: Redefining \overline on input line 399.
LaTeX Info: Redefining \colon on input line 410.
\classnum@=\count188
\DOTSCASE@=\count189
LaTeX Info: Redefining \ldots on input line 496.
LaTeX Info: Redefining \dots on input line 499.
LaTeX Info: Redefining \cdots on input line 620.
\Mathstrutbox@=\box51
\strutbox@=\box52
LaTeX Info: Redefining \big on input line 722.
LaTeX Info: Redefining \Big on input line 723.
LaTeX Info: Redefining \bigg on input line 724.
LaTeX Info: Redefining \Bigg on input line 725.
\big@size=\dimen140
LaTeX Font Info:    Redeclaring font encoding OML on input line 743.
LaTeX Font Info:    Redeclaring font encoding OMS on input line 744.
\macc@depth=\count190
LaTeX Info: Redefining \bmod on input line 905.
LaTeX Info: Redefining \pmod on input line 910.
LaTeX Info: Redefining \smash on input line 940.
LaTeX Info: Redefining \relbar on input line 970.
LaTeX Info: Redefining \Relbar on input line 971.
\c@MaxMatrixCols=\count191
\dotsspace@=\muskip16
\c@parentequation=\count192
\dspbrk@lvl=\count193
\tag@help=\toks17
\row@=\count194
\column@=\count195
\maxfields@=\count196
\andhelp@=\toks18
\eqnshift@=\dimen141
\alignsep@=\dimen142
\tagshift@=\dimen143
\tagwidth@=\dimen144
\totwidth@=\dimen145
\lineht@=\dimen146
\@envbody=\toks19
\multlinegap=\skip48
\multlinetaggap=\skip49
\mathdisplay@stack=\toks20
LaTeX Info: Redefining \[ on input line 2953.
LaTeX Info: Redefining \] on input line 2954.
) (c:/texlive/2022/texmf-dist/tex/latex/amsfonts/amssymb.sty
Package: amssymb 2013/01/14 v3.01 AMS font symbols
 (c:/texlive/2022/texmf-dist/tex/latex/amsfonts/amsfonts.sty
Package: amsfonts 2013/01/14 v3.01 Basic AMSFonts support
\symAMSa=\mathgroup4
\symAMSb=\mathgroup5
LaTeX Font Info:    Redeclaring math symbol \hbar on input line 98.
LaTeX Font Info:    Overwriting math alphabet `\mathfrak' in version `bold'
(Font)                  U/euf/m/n --> U/euf/b/n on input line 106.
))

e:/GitHub/Study/tex/楽曲を作るときの理論について/script.tex:11: LaTeX Error: Backend request inconsistent with engine: using 'pdftex'
(LaTeX)        backend.

For immediate help type H <return>.
 ...                                              
                                                  
l.11 \begin{document}
                     

You have requested backend 'dvipdfmx', but this is not suitable for use with
the active engine. LaTeX will use the 'pdftex' backend instead.


(c:/texlive/2022/texmf-dist/tex/latex/l3backend/l3backend-pdftex.def
File: l3backend-pdftex.def 2022-08-30 L3 backend support: PDF output (pdfTeX)
\l__color_backend_stack_int=\count197
\l__pdf_internal_box=\box53
)
No file script.aux.
\openout1 = `script.aux'.

LaTeX Font Info:    Checking defaults for OML/cmm/m/it on input line 11.
LaTeX Font Info:    ... okay on input line 11.
LaTeX Font Info:    Checking defaults for OMS/cmsy/m/n on input line 11.
LaTeX Font Info:    ... okay on input line 11.
LaTeX Font Info:    Checking defaults for OT1/cmr/m/n on input line 11.
LaTeX Font Info:    ... okay on input line 11.
LaTeX Font Info:    Checking defaults for T1/cmr/m/n on input line 11.
LaTeX Font Info:    ... okay on input line 11.
LaTeX Font Info:    Checking defaults for TS1/cmr/m/n on input line 11.
LaTeX Font Info:    ... okay on input line 11.
LaTeX Font Info:    Checking defaults for OMX/cmex/m/n on input line 11.
LaTeX Font Info:    ... okay on input line 11.
LaTeX Font Info:    Checking defaults for U/cmr/m/n on input line 11.
LaTeX Font Info:    ... okay on input line 11.

e:/GitHub/Study/tex/楽曲を作るときの理論について/script.tex:11: LaTeX Error: The font size command \normalsize is not defined:
               there is probably something wrong with the class file.

See the LaTeX manual or LaTeX Companion for explanation.
Type  H <return>  for immediate help.
 ...                                              
                                                  
l.11 \begin{document}
                     
Your command was ignored.
Type  I <command> <return>  to replace it with another command,
or  <return>  to continue without it.

e:/GitHub/Study/tex/楽曲を作るときの理論について/script.tex:13: Undefined control sequence.
l.13     \maketitle
                   
The control sequence at the end of the top line
of your error message was never \def'ed. If you have
misspelled it (e.g., `\hobx'), type `I' and the correct
spelling (e.g., `I\hbox'). Otherwise just continue,
and I'll forget about whatever was undefined.

e:/GitHub/Study/tex/楽曲を作るときの理論について/script.tex:15: Undefined control sequence.
l.15     \chapter
                 {ラムダ計算}
The control sequence at the end of the top line
of your error message was never \def'ed. If you have
misspelled it (e.g., `\hobx'), type `I' and the correct
spelling (e.g., `I\hbox'). Otherwise just continue,
and I'll forget about whatever was undefined.


e:/GitHub/Study/tex/楽曲を作るときの理論について/script.tex:15: LaTeX Error: Unicode character ラ (U+30E9)
               not set up for use with LaTeX.

See the LaTeX manual or LaTeX Companion for explanation.
Type  H <return>  for immediate help.
 ...                                              
                                                  
l.15     \chapter{ラ
                     ムダ計算}
You may provide a definition with
\DeclareUnicodeCharacter 


e:/GitHub/Study/tex/楽曲を作るときの理論について/script.tex:15: LaTeX Error: Unicode character ム (U+30E0)
               not set up for use with LaTeX.

See the LaTeX manual or LaTeX Companion for explanation.
Type  H <return>  for immediate help.
 ...                                              
                                                  
l.15     \chapter{ラム
                        ダ計算}
You may provide a definition with
\DeclareUnicodeCharacter 


e:/GitHub/Study/tex/楽曲を作るときの理論について/script.tex:15: LaTeX Error: Unicode character ダ (U+30C0)
               not set up for use with LaTeX.

See the LaTeX manual or LaTeX Companion for explanation.
Type  H <return>  for immediate help.
 ...                                              
                                                  
l.15     \chapter{ラムダ
                           計算}
You may provide a definition with
\DeclareUnicodeCharacter 


e:/GitHub/Study/tex/楽曲を作るときの理論について/script.tex:15: LaTeX Error: Unicode character 計 (U+8A08)
               not set up for use with LaTeX.

See the LaTeX manual or LaTeX Companion for explanation.
Type  H <return>  for immediate help.
 ...                                              
                                                  
l.15     \chapter{ラムダ計
                              算}
You may provide a definition with
\DeclareUnicodeCharacter 


e:/GitHub/Study/tex/楽曲を作るときの理論について/script.tex:15: LaTeX Error: Unicode character 算 (U+7B97)
               not set up for use with LaTeX.

See the LaTeX manual or LaTeX Companion for explanation.
Type  H <return>  for immediate help.
 ...                                              
                                                  
l.15     \chapter{ラムダ計算
                                 }
You may provide a definition with
\DeclareUnicodeCharacter 

e:/GitHub/Study/tex/楽曲を作るときの理論について/script.tex:17: Undefined control sequence.
l.17     \chapter
                 {純粋関数型言語}
The control sequence at the end of the top line
of your error message was never \def'ed. If you have
misspelled it (e.g., `\hobx'), type `I' and the correct
spelling (e.g., `I\hbox'). Otherwise just continue,
and I'll forget about whatever was undefined.


e:/GitHub/Study/tex/楽曲を作るときの理論について/script.tex:17: LaTeX Error: Unicode character 純 (U+7D14)
               not set up for use with LaTeX.

See the LaTeX manual or LaTeX Companion for explanation.
Type  H <return>  for immediate help.
 ...                                              
                                                  
l.17     \chapter{純
                     粋関数型言語}
You may provide a definition with
\DeclareUnicodeCharacter 


e:/GitHub/Study/tex/楽曲を作るときの理論について/script.tex:17: LaTeX Error: Unicode character 粋 (U+7C8B)
               not set up for use with LaTeX.

See the LaTeX manual or LaTeX Companion for explanation.
Type  H <return>  for immediate help.
 ...                                              
                                                  
l.17     \chapter{純粋
                        関数型言語}
You may provide a definition with
\DeclareUnicodeCharacter 


e:/GitHub/Study/tex/楽曲を作るときの理論について/script.tex:17: LaTeX Error: Unicode character 関 (U+95A2)
               not set up for use with LaTeX.

See the LaTeX manual or LaTeX Companion for explanation.
Type  H <return>  for immediate help.
 ...                                              
                                                  
l.17     \chapter{純粋関
                           数型言語}
You may provide a definition with
\DeclareUnicodeCharacter 


e:/GitHub/Study/tex/楽曲を作るときの理論について/script.tex:17: LaTeX Error: Unicode character 数 (U+6570)
               not set up for use with LaTeX.

See the LaTeX manual or LaTeX Companion for explanation.
Type  H <return>  for immediate help.
 ...                                              
                                                  
l.17     \chapter{純粋関数
                              型言語}
You may provide a definition with
\DeclareUnicodeCharacter 


e:/GitHub/Study/tex/楽曲を作るときの理論について/script.tex:17: LaTeX Error: Unicode character 型 (U+578B)
               not set up for use with LaTeX.

See the LaTeX manual or LaTeX Companion for explanation.
Type  H <return>  for immediate help.
 ...                                              
                                                  
l.17     \chapter{純粋関数型
                                 言語}
You may provide a definition with
\DeclareUnicodeCharacter 


e:/GitHub/Study/tex/楽曲を作るときの理論について/script.tex:17: LaTeX Error: Unicode character 言 (U+8A00)
               not set up for use with LaTeX.

See the LaTeX manual or LaTeX Companion for explanation.
Type  H <return>  for immediate help.
 ...                                              
                                                  
l.17     \chapter{純粋関数型言
                                    語}
You may provide a definition with
\DeclareUnicodeCharacter 


e:/GitHub/Study/tex/楽曲を作るときの理論について/script.tex:17: LaTeX Error: Unicode character 語 (U+8A9E)
               not set up for use with LaTeX.

See the LaTeX manual or LaTeX Companion for explanation.
Type  H <return>  for immediate help.
 ...                                              
                                                  
l.17     \chapter{純粋関数型言語
                                       }
You may provide a definition with
\DeclareUnicodeCharacter 

e:/GitHub/Study/tex/楽曲を作るときの理論について/script.tex:19: Undefined control sequence.
l.19     \chapter
                 {圏論}
The control sequence at the end of the top line
of your error message was never \def'ed. If you have
misspelled it (e.g., `\hobx'), type `I' and the correct
spelling (e.g., `I\hbox'). Otherwise just continue,
and I'll forget about whatever was undefined.


e:/GitHub/Study/tex/楽曲を作るときの理論について/script.tex:19: LaTeX Error: Unicode character 圏 (U+570F)
               not set up for use with LaTeX.

See the LaTeX manual or LaTeX Companion for explanation.
Type  H <return>  for immediate help.
 ...                                              
                                                  
l.19     \chapter{圏
                     論}
You may provide a definition with
\DeclareUnicodeCharacter 


e:/GitHub/Study/tex/楽曲を作るときの理論について/script.tex:19: LaTeX Error: Unicode character 論 (U+8AD6)
               not set up for use with LaTeX.

See the LaTeX manual or LaTeX Companion for explanation.
Type  H <return>  for immediate help.
 ...                                              
                                                  
l.19     \chapter{圏論
                        }
You may provide a definition with
\DeclareUnicodeCharacter 

e:/GitHub/Study/tex/楽曲を作るときの理論について/script.tex:21: Undefined control sequence.
l.21     \chapter
                 {モナド}
The control sequence at the end of the top line
of your error message was never \def'ed. If you have
misspelled it (e.g., `\hobx'), type `I' and the correct
spelling (e.g., `I\hbox'). Otherwise just continue,
and I'll forget about whatever was undefined.


e:/GitHub/Study/tex/楽曲を作るときの理論について/script.tex:21: LaTeX Error: Unicode character モ (U+30E2)
               not set up for use with LaTeX.

See the LaTeX manual or LaTeX Companion for explanation.
Type  H <return>  for immediate help.
 ...                                              
                                                  
l.21     \chapter{モ
                     ナド}
You may provide a definition with
\DeclareUnicodeCharacter 


e:/GitHub/Study/tex/楽曲を作るときの理論について/script.tex:21: LaTeX Error: Unicode character ナ (U+30CA)
               not set up for use with LaTeX.

See the LaTeX manual or LaTeX Companion for explanation.
Type  H <return>  for immediate help.
 ...                                              
                                                  
l.21     \chapter{モナ
                        ド}
You may provide a definition with
\DeclareUnicodeCharacter 


e:/GitHub/Study/tex/楽曲を作るときの理論について/script.tex:21: LaTeX Error: Unicode character ド (U+30C9)
               not set up for use with LaTeX.

See the LaTeX manual or LaTeX Companion for explanation.
Type  H <return>  for immediate help.
 ...                                              
                                                  
l.21     \chapter{モナド
                           }
You may provide a definition with
\DeclareUnicodeCharacter 

e:/GitHub/Study/tex/楽曲を作るときの理論について/script.tex:23: Undefined control sequence.
l.23     \chapter
                 {Worldに対するプログラム及び数学の位置づけ}
The control sequence at the end of the top line
of your error message was never \def'ed. If you have
misspelled it (e.g., `\hobx'), type `I' and the correct
spelling (e.g., `I\hbox'). Otherwise just continue,
and I'll forget about whatever was undefined.


e:/GitHub/Study/tex/楽曲を作るときの理論について/script.tex:23: LaTeX Error: Unicode character に (U+306B)
               not set up for use with LaTeX.

See the LaTeX manual or LaTeX Companion for explanation.
Type  H <return>  for immediate help.
 ...                                              
                                                  
l.23     \chapter{Worldに
                          対するプログラム及び数学の位置づけ}
You may provide a definition with
\DeclareUnicodeCharacter 


e:/GitHub/Study/tex/楽曲を作るときの理論について/script.tex:23: LaTeX Error: Unicode character 対 (U+5BFE)
               not set up for use with LaTeX.

See the LaTeX manual or LaTeX Companion for explanation.
Type  H <return>  for immediate help.
 ...                                              
                                                  
l.23     \chapter{Worldに対
                             するプログラム及び数学の位置づけ}
You may provide a definition with
\DeclareUnicodeCharacter 


e:/GitHub/Study/tex/楽曲を作るときの理論について/script.tex:23: LaTeX Error: Unicode character す (U+3059)
               not set up for use with LaTeX.

See the LaTeX manual or LaTeX Companion for explanation.
Type  H <return>  for immediate help.
 ...                                              
                                                  
l.23     \chapter{Worldに対す
                                るプログラム及び数学の位置づけ}
You may provide a definition with
\DeclareUnicodeCharacter 


e:/GitHub/Study/tex/楽曲を作るときの理論について/script.tex:23: LaTeX Error: Unicode character る (U+308B)
               not set up for use with LaTeX.

See the LaTeX manual or LaTeX Companion for explanation.
Type  H <return>  for immediate help.
 ...                                              
                                                  
l.23     \chapter{Worldに対する
                                   プログラム及び数学の位置づけ}
You may provide a definition with
\DeclareUnicodeCharacter 


e:/GitHub/Study/tex/楽曲を作るときの理論について/script.tex:23: LaTeX Error: Unicode character プ (U+30D7)
               not set up for use with LaTeX.

See the LaTeX manual or LaTeX Companion for explanation.
Type  H <return>  for immediate help.
 ...                                              
                                                  
l.23     \chapter{Worldに対するプ
                                      ログラム及び数学の位置づけ}
You may provide a definition with
\DeclareUnicodeCharacter 


e:/GitHub/Study/tex/楽曲を作るときの理論について/script.tex:23: LaTeX Error: Unicode character ロ (U+30ED)
               not set up for use with LaTeX.

See the LaTeX manual or LaTeX Companion for explanation.
Type  H <return>  for immediate help.
 ...                                              
                                                  
l.23     \chapter{Worldに対するプロ
                                         グラム及び数学の位置づけ}
You may provide a definition with
\DeclareUnicodeCharacter 


e:/GitHub/Study/tex/楽曲を作るときの理論について/script.tex:23: LaTeX Error: Unicode character グ (U+30B0)
               not set up for use with LaTeX.

See the LaTeX manual or LaTeX Companion for explanation.
Type  H <return>  for immediate help.
 ...                                              
                                                  
l.23     \chapter{Worldに対するプログ
                                            ラム及び数学の位置づけ}
You may provide a definition with
\DeclareUnicodeCharacter 


e:/GitHub/Study/tex/楽曲を作るときの理論について/script.tex:23: LaTeX Error: Unicode character ラ (U+30E9)
               not set up for use with LaTeX.

See the LaTeX manual or LaTeX Companion for explanation.
Type  H <return>  for immediate help.
 ...                                              
                                                  
l.23     \chapter{Worldに対するプログラ
                                               ム及び数学の位置づけ}
You may provide a definition with
\DeclareUnicodeCharacter 


e:/GitHub/Study/tex/楽曲を作るときの理論について/script.tex:23: LaTeX Error: Unicode character ム (U+30E0)
               not set up for use with LaTeX.

See the LaTeX manual or LaTeX Companion for explanation.
Type  H <return>  for immediate help.
 ...                                              
                                                  
l.23     \chapter{Worldに対するプログラム
                                                  及び数学の位置づけ}
You may provide a definition with
\DeclareUnicodeCharacter 


e:/GitHub/Study/tex/楽曲を作るときの理論について/script.tex:23: LaTeX Error: Unicode character 及 (U+53CA)
               not set up for use with LaTeX.

See the LaTeX manual or LaTeX Companion for explanation.
Type  H <return>  for immediate help.
 ...                                              
                                                  
l.23 ...hapter{Worldに対するプログラム及
                                                  び数学の位置づけ}
You may provide a definition with
\DeclareUnicodeCharacter 


e:/GitHub/Study/tex/楽曲を作るときの理論について/script.tex:23: LaTeX Error: Unicode character び (U+3073)
               not set up for use with LaTeX.

See the LaTeX manual or LaTeX Companion for explanation.
Type  H <return>  for immediate help.
 ...                                              
                                                  
l.23 ...ter{Worldに対するプログラム及び
                                                  数学の位置づけ}
You may provide a definition with
\DeclareUnicodeCharacter 


e:/GitHub/Study/tex/楽曲を作るときの理論について/script.tex:23: LaTeX Error: Unicode character 数 (U+6570)
               not set up for use with LaTeX.

See the LaTeX manual or LaTeX Companion for explanation.
Type  H <return>  for immediate help.
 ...                                              
                                                  
l.23 ...{Worldに対するプログラム及び数
                                                  学の位置づけ}
You may provide a definition with
\DeclareUnicodeCharacter 


e:/GitHub/Study/tex/楽曲を作るときの理論について/script.tex:23: LaTeX Error: Unicode character 学 (U+5B66)
               not set up for use with LaTeX.

See the LaTeX manual or LaTeX Companion for explanation.
Type  H <return>  for immediate help.
 ...                                              
                                                  
l.23 ...rldに対するプログラム及び数学
                                                  の位置づけ}
You may provide a definition with
\DeclareUnicodeCharacter 


e:/GitHub/Study/tex/楽曲を作るときの理論について/script.tex:23: LaTeX Error: Unicode character の (U+306E)
               not set up for use with LaTeX.

See the LaTeX manual or LaTeX Companion for explanation.
Type  H <return>  for immediate help.
 ...                                              
                                                  
l.23 ...に対するプログラム及び数学の
                                                  位置づけ}
You may provide a definition with
\DeclareUnicodeCharacter 


e:/GitHub/Study/tex/楽曲を作るときの理論について/script.tex:23: LaTeX Error: Unicode character 位 (U+4F4D)
               not set up for use with LaTeX.

See the LaTeX manual or LaTeX Companion for explanation.
Type  H <return>  for immediate help.
 ...                                              
                                                  
l.23 ...対するプログラム及び数学の位
                                                  置づけ}
You may provide a definition with
\DeclareUnicodeCharacter 


e:/GitHub/Study/tex/楽曲を作るときの理論について/script.tex:23: LaTeX Error: Unicode character 置 (U+7F6E)
               not set up for use with LaTeX.

See the LaTeX manual or LaTeX Companion for explanation.
Type  H <return>  for immediate help.
 ...                                              
                                                  
l.23 ...するプログラム及び数学の位置
                                                  づけ}
You may provide a definition with
\DeclareUnicodeCharacter 


e:/GitHub/Study/tex/楽曲を作るときの理論について/script.tex:23: LaTeX Error: Unicode character づ (U+3065)
               not set up for use with LaTeX.

See the LaTeX manual or LaTeX Companion for explanation.
Type  H <return>  for immediate help.
 ...                                              
                                                  
l.23 ...るプログラム及び数学の位置づ
                                                  け}
You may provide a definition with
\DeclareUnicodeCharacter 


e:/GitHub/Study/tex/楽曲を作るときの理論について/script.tex:23: LaTeX Error: Unicode character け (U+3051)
               not set up for use with LaTeX.

See the LaTeX manual or LaTeX Companion for explanation.
Type  H <return>  for immediate help.
 ...                                              
                                                  
l.23 ...プログラム及び数学の位置づけ
                                                  }
You may provide a definition with
\DeclareUnicodeCharacter 


e:/GitHub/Study/tex/楽曲を作るときの理論について/script.tex:25: LaTeX Error: The font size command \normalsize is not defined:
               there is probably something wrong with the class file.

See the LaTeX manual or LaTeX Companion for explanation.
Type  H <return>  for immediate help.
 ...                                              
                                                  
l.25 \end{document}
                   
Your command was ignored.
Type  I <command> <return>  to replace it with another command,
or  <return>  to continue without it.

[1{c:/texlive/2022/texmf-var/fonts/map/pdftex/updmap/pdftex.map}] (./script.aux) ) 
Here is how much of TeX's memory you used:
 1518 strings out of 475075
 22765 string characters out of 5783001
 357462 words of memory out of 5000000
 22975 multiletter control sequences out of 15000+600000
 469259 words of font info for 28 fonts, out of 8000000 for 9000
 1141 hyphenation exceptions out of 8191
 54i,5n,62p,285b,80s stack positions out of 10000i,1000n,20000p,200000b,200000s
<c:/texlive/2022/texmf-dist/fonts/type1/public/amsfonts/cm/cmr10.pfb>
Output written on script.pdf (1 page, 11624 bytes).
PDF statistics:
 13 PDF objects out of 1000 (max. 8388607)
 7 compressed objects within 1 object stream
 0 named destinations out of 1000 (max. 500000)
 1 words of extra memory for PDF output out of 10000 (max. 10000000)

